<?xml version="1.0" encoding="UTF-8"?>
<testsuite xmlns:xsi="http://www.w3.org/2001/XMLSchema-instance" xsi:noNamespaceSchemaLocation="https://maven.apache.org/surefire/maven-surefire-plugin/xsd/surefire-test-report.xsd" version="3.0.2" name="classtap.userinfo.UserInfoApplicationTests" time="3.881" tests="1" errors="0" skipped="0" failures="0">
  <properties>
[...]
</properties>
  <testcase name="contextLoads" classname="classtap.userinfo.UserInfoApplicationTests" time="0.883">
    <system-out><![CDATA[19:18:40.216 [main] INFO org.springframework.test.context.support.AnnotationConfigContextLoaderUtils -- Could not detect default configuration classes for test class [classtap.userinfo.UserInfoApplicationTests]: UserInfoApplicationTests does not declare any static, non-private, non-final, nested classes annotated with @Configuration.
19:18:40.371 [main] INFO org.springframework.boot.test.context.SpringBootTestContextBootstrapper -- Found @SpringBootConfiguration classtap.userinfo.UserInfoApplication for test class classtap.userinfo.UserInfoApplicationTests

  .   ____          _            __ _ _
 /\\ / ___'_ __ _ _(_)_ __  __ _ \ \ \ \
( ( )\___ | '_ | '_| | '_ \/ _` | \ \ \ \
 \\/  ___)| |_)| | | | | || (_| |  ) ) ) )
  '  |____| .__|_| |_|_| |_\__, | / / / /
 =========|_|==============|___/=/_/_/_/

 :: Spring Boot ::                (v3.4.4)

2025-04-26T19:18:40.994+08:00  INFO 27984 --- [           main] c.userinfo.UserInfoApplicationTests      : Starting UserInfoApplicationTests using Java 24 with PID 27984 (started by rice in C:\IdeaProjects\UserInfo_withDocker)
2025-04-26T19:18:40.996+08:00  INFO 27984 --- [           main] c.userinfo.UserInfoApplicationTests      : No active profile set, falling back to 1 default profile: "default"
2025-04-26T19:18:43.034+08:00  INFO 27984 --- [           main] c.userinfo.UserInfoApplicationTests      : Started UserInfoApplicationTests in 2.487 seconds (process running for 4.048)
]]></system-out>
    <system-err><![CDATA[Mockito is currently self-attaching to enable the inline-mock-maker. This will no longer work in future releases of the JDK. Please add Mockito as an agent to your build what is described in Mockito's documentation: https://javadoc.io/doc/org.mockito/mockito-core/latest/org/mockito/Mockito.html#0.3
WARNING: A Java agent has been loaded dynamically (C:\Users\rice\.m2\repository\net\bytebuddy\byte-buddy-agent\1.15.11\byte-buddy-agent-1.15.11.jar)
WARNING: If a serviceability tool is in use, please run with -XX:+EnableDynamicAgentLoading to hide this warning
WARNING: If a serviceability tool is not in use, please run with -Djdk.instrument.traceUsage for more information
WARNING: Dynamic loading of agents will be disallowed by default in a future release
]]></system-err>
  </testcase>
</testsuite>